<?xml version="1.0" encoding="UTF-8"?>
<!-- Generated by org.testng.reporters.JUnitXMLReporter -->
<testsuite ignored="0" hostname="mdsohil" failures="0" tests="15" name="Test" time="30.569" errors="0" timestamp="2022-11-22T11:59:23 IST">
  <testcase classname="Handling_Alerts_ConfirmBox_TestCases.Alerts_TestCases" name="SwitchToPresentTest" time="0.062"/>
  <testcase classname="Handling_Alerts_ConfirmBox_TestCases.Alerts_TestCases" name="mousehover" time="11.864"/>
  <testcase classname="Handling_Alerts_ConfirmBox_TestCases.Alerts_TestCases" name="alertboxTest" time="1.069"/>
  <testcase classname="Handling_Alerts_ConfirmBox_TestCases.Alerts_TestCases" name="AlertPresentTest" time="2.017"/>
  <testcase classname="Handling_Alerts_ConfirmBox_TestCases.Alerts_TestCases" name="AcceptAlertTest" time="2.01"/>
  <testcase classname="Handling_Alerts_ConfirmBox_TestCases.Alerts_TestCases" name="isAlertWithOKAndCancelTest" time="2.026"/>
  <testcase classname="Handling_Alerts_ConfirmBox_TestCases.Alerts_TestCases" name="clickOnAlertWithOKAndCancelTest" time="0.064"/>
  <testcase classname="Handling_Alerts_ConfirmBox_TestCases.Alerts_TestCases" name="clickConfirmBoxTest" time="1.056"/>
  <testcase classname="Handling_Alerts_ConfirmBox_TestCases.Alerts_TestCases" name="isConfirmBoxPresentTest" time="1.014"/>
  <testcase classname="Handling_Alerts_ConfirmBox_TestCases.Alerts_TestCases" name="AcceptPopUpBoxTest" time="1.013"/>
  <testcase classname="Handling_Alerts_ConfirmBox_TestCases.Alerts_TestCases" name="isAlertWithTextPresentTest" time="1.023"/>
  <testcase classname="Handling_Alerts_ConfirmBox_TestCases.Alerts_TestCases" name="clickAlertWithTextPresentTest" time="1.063"/>
  <testcase classname="Handling_Alerts_ConfirmBox_TestCases.Alerts_TestCases" name="clickOnPrompBoxTest" time="0.046"/>
  <testcase classname="Handling_Alerts_ConfirmBox_TestCases.Alerts_TestCases" name="isPrompBoxPresentTest" time="1.02"/>
  <testcase classname="Handling_Alerts_ConfirmBox_TestCases.Alerts_TestCases" name="enterInPrompBoxTest" time="0.023"/>
</testsuite> <!-- Test -->
