<?xml version="1.0" encoding="UTF-8"?>
<!-- Generated by org.testng.reporters.JUnitXMLReporter -->
<testsuite ignored="0" hostname="mdsohil" failures="0" tests="15" name="Test" time="39.965" errors="0" timestamp="2022-11-28T10:12:16 IST">
  <testcase classname="Handling_Alerts_ConfirmBox_TestCases.Alerts_TestCases" name="SwitchToPresentTest" time="0.092"/>
  <testcase classname="Handling_Alerts_ConfirmBox_TestCases.Alerts_TestCases" name="mousehover" time="12.935"/>
  <testcase classname="Handling_Alerts_ConfirmBox_TestCases.Alerts_TestCases" name="alertboxTest" time="1.118"/>
  <testcase classname="Handling_Alerts_ConfirmBox_TestCases.Alerts_TestCases" name="AlertPresentTest" time="2.011"/>
  <testcase classname="Handling_Alerts_ConfirmBox_TestCases.Alerts_TestCases" name="AcceptAlertTest" time="2.023"/>
  <testcase classname="Handling_Alerts_ConfirmBox_TestCases.Alerts_TestCases" name="isAlertWithOKAndCancelTest" time="2.076"/>
  <testcase classname="Handling_Alerts_ConfirmBox_TestCases.Alerts_TestCases" name="clickOnAlertWithOKAndCancelTest" time="0.099"/>
  <testcase classname="Handling_Alerts_ConfirmBox_TestCases.Alerts_TestCases" name="clickConfirmBoxTest" time="1.084"/>
  <testcase classname="Handling_Alerts_ConfirmBox_TestCases.Alerts_TestCases" name="isConfirmBoxPresentTest" time="1.012"/>
  <testcase classname="Handling_Alerts_ConfirmBox_TestCases.Alerts_TestCases" name="AcceptPopUpBoxTest" time="1.027"/>
  <testcase classname="Handling_Alerts_ConfirmBox_TestCases.Alerts_TestCases" name="isAlertWithTextPresentTest" time="1.08"/>
  <testcase classname="Handling_Alerts_ConfirmBox_TestCases.Alerts_TestCases" name="clickAlertWithTextPresentTest" time="1.053"/>
  <testcase classname="Handling_Alerts_ConfirmBox_TestCases.Alerts_TestCases" name="clickOnPrompBoxTest" time="0.063"/>
  <testcase classname="Handling_Alerts_ConfirmBox_TestCases.Alerts_TestCases" name="isPrompBoxPresentTest" time="1.022"/>
  <testcase classname="Handling_Alerts_ConfirmBox_TestCases.Alerts_TestCases" name="enterInPrompBoxTest" time="0.03"/>
</testsuite> <!-- Test -->
