<?xml version="1.0" encoding="UTF-8"?>
<testng-results ignored="0" total="15" passed="15" failed="0" skipped="0">
  <reporter-output>
  </reporter-output>
  <suite started-at="2022-11-28T10:11:36 IST" name="Suite" finished-at="2022-11-28T10:12:16 IST" duration-ms="39965">
    <groups>
    </groups>
    <test started-at="2022-11-28T10:11:36 IST" name="Test" finished-at="2022-11-28T10:12:16 IST" duration-ms="39965">
      <class name="Handling_Alerts_ConfirmBox_TestCases.Alerts_TestCases">
        <test-method is-config="true" signature="setup()[pri:0, instance:Handling_Alerts_ConfirmBox_TestCases.Alerts_TestCases@222545dc]" started-at="2022-11-28T10:11:36 IST" name="setup" finished-at="2022-11-28T10:11:49 IST" duration-ms="12535" status="PASS">
          <reporter-output>
          </reporter-output>
        </test-method> <!-- setup -->
        <test-method signature="SwitchToPresentTest()[pri:1, instance:Handling_Alerts_ConfirmBox_TestCases.Alerts_TestCases@222545dc]" started-at="2022-11-28T10:11:49 IST" name="SwitchToPresentTest" finished-at="2022-11-28T10:11:49 IST" duration-ms="92" status="PASS">
          <reporter-output>
          </reporter-output>
        </test-method> <!-- SwitchToPresentTest -->
        <test-method signature="mousehover()[pri:0, instance:Handling_Alerts_ConfirmBox_TestCases.Alerts_TestCases@222545dc]" started-at="2022-11-28T10:11:49 IST" name="mousehover" finished-at="2022-11-28T10:12:02 IST" depends-on-methods="Handling_Alerts_ConfirmBox_TestCases.Alerts_TestCases.SwitchToPresentTest" duration-ms="12935" status="PASS">
          <reporter-output>
          </reporter-output>
        </test-method> <!-- mousehover -->
        <test-method signature="alertboxTest()[pri:3, instance:Handling_Alerts_ConfirmBox_TestCases.Alerts_TestCases@222545dc]" started-at="2022-11-28T10:12:02 IST" name="alertboxTest" finished-at="2022-11-28T10:12:03 IST" duration-ms="1118" status="PASS">
          <reporter-output>
          </reporter-output>
        </test-method> <!-- alertboxTest -->
        <test-method signature="AlertPresentTest()[pri:4, instance:Handling_Alerts_ConfirmBox_TestCases.Alerts_TestCases@222545dc]" started-at="2022-11-28T10:12:03 IST" name="AlertPresentTest" finished-at="2022-11-28T10:12:05 IST" duration-ms="2011" status="PASS">
          <reporter-output>
          </reporter-output>
        </test-method> <!-- AlertPresentTest -->
        <test-method signature="AcceptAlertTest()[pri:0, instance:Handling_Alerts_ConfirmBox_TestCases.Alerts_TestCases@222545dc]" started-at="2022-11-28T10:12:05 IST" name="AcceptAlertTest" finished-at="2022-11-28T10:12:07 IST" depends-on-methods="Handling_Alerts_ConfirmBox_TestCases.Alerts_TestCases.AlertPresentTest" duration-ms="2023" status="PASS">
          <reporter-output>
          </reporter-output>
        </test-method> <!-- AcceptAlertTest -->
        <test-method signature="isAlertWithOKAndCancelTest()[pri:5, instance:Handling_Alerts_ConfirmBox_TestCases.Alerts_TestCases@222545dc]" started-at="2022-11-28T10:12:07 IST" name="isAlertWithOKAndCancelTest" finished-at="2022-11-28T10:12:09 IST" duration-ms="2076" status="PASS">
          <reporter-output>
          </reporter-output>
        </test-method> <!-- isAlertWithOKAndCancelTest -->
        <test-method signature="clickOnAlertWithOKAndCancelTest()[pri:0, instance:Handling_Alerts_ConfirmBox_TestCases.Alerts_TestCases@222545dc]" started-at="2022-11-28T10:12:09 IST" name="clickOnAlertWithOKAndCancelTest" finished-at="2022-11-28T10:12:09 IST" depends-on-methods="Handling_Alerts_ConfirmBox_TestCases.Alerts_TestCases.isAlertWithOKAndCancelTest" duration-ms="99" status="PASS">
          <reporter-output>
          </reporter-output>
        </test-method> <!-- clickOnAlertWithOKAndCancelTest -->
        <test-method signature="clickConfirmBoxTest()[pri:7, instance:Handling_Alerts_ConfirmBox_TestCases.Alerts_TestCases@222545dc]" started-at="2022-11-28T10:12:09 IST" name="clickConfirmBoxTest" finished-at="2022-11-28T10:12:10 IST" duration-ms="1084" status="PASS">
          <reporter-output>
          </reporter-output>
        </test-method> <!-- clickConfirmBoxTest -->
        <test-method signature="isConfirmBoxPresentTest()[pri:8, instance:Handling_Alerts_ConfirmBox_TestCases.Alerts_TestCases@222545dc]" started-at="2022-11-28T10:12:10 IST" name="isConfirmBoxPresentTest" finished-at="2022-11-28T10:12:11 IST" duration-ms="1012" status="PASS">
          <reporter-output>
          </reporter-output>
        </test-method> <!-- isConfirmBoxPresentTest -->
        <test-method signature="AcceptPopUpBoxTest()[pri:0, instance:Handling_Alerts_ConfirmBox_TestCases.Alerts_TestCases@222545dc]" started-at="2022-11-28T10:12:11 IST" name="AcceptPopUpBoxTest" finished-at="2022-11-28T10:12:12 IST" depends-on-methods="Handling_Alerts_ConfirmBox_TestCases.Alerts_TestCases.isConfirmBoxPresentTest" duration-ms="1027" status="PASS">
          <reporter-output>
          </reporter-output>
        </test-method> <!-- AcceptPopUpBoxTest -->
        <test-method signature="isAlertWithTextPresentTest()[pri:9, instance:Handling_Alerts_ConfirmBox_TestCases.Alerts_TestCases@222545dc]" started-at="2022-11-28T10:12:12 IST" name="isAlertWithTextPresentTest" finished-at="2022-11-28T10:12:13 IST" duration-ms="1080" status="PASS">
          <reporter-output>
          </reporter-output>
        </test-method> <!-- isAlertWithTextPresentTest -->
        <test-method signature="clickAlertWithTextPresentTest()[pri:0, instance:Handling_Alerts_ConfirmBox_TestCases.Alerts_TestCases@222545dc]" started-at="2022-11-28T10:12:13 IST" name="clickAlertWithTextPresentTest" finished-at="2022-11-28T10:12:14 IST" depends-on-methods="Handling_Alerts_ConfirmBox_TestCases.Alerts_TestCases.isAlertWithTextPresentTest" duration-ms="1053" status="PASS">
          <reporter-output>
          </reporter-output>
        </test-method> <!-- clickAlertWithTextPresentTest -->
        <test-method signature="clickOnPrompBoxTest()[pri:10, instance:Handling_Alerts_ConfirmBox_TestCases.Alerts_TestCases@222545dc]" started-at="2022-11-28T10:12:14 IST" name="clickOnPrompBoxTest" finished-at="2022-11-28T10:12:14 IST" duration-ms="63" status="PASS">
          <reporter-output>
          </reporter-output>
        </test-method> <!-- clickOnPrompBoxTest -->
        <test-method signature="isPrompBoxPresentTest()[pri:12, instance:Handling_Alerts_ConfirmBox_TestCases.Alerts_TestCases@222545dc]" started-at="2022-11-28T10:12:14 IST" name="isPrompBoxPresentTest" finished-at="2022-11-28T10:12:15 IST" duration-ms="1022" status="PASS">
          <reporter-output>
          </reporter-output>
        </test-method> <!-- isPrompBoxPresentTest -->
        <test-method signature="enterInPrompBoxTest()[pri:0, instance:Handling_Alerts_ConfirmBox_TestCases.Alerts_TestCases@222545dc]" started-at="2022-11-28T10:12:15 IST" name="enterInPrompBoxTest" finished-at="2022-11-28T10:12:15 IST" depends-on-methods="Handling_Alerts_ConfirmBox_TestCases.Alerts_TestCases.isPrompBoxPresentTest" duration-ms="30" status="PASS">
          <reporter-output>
          </reporter-output>
        </test-method> <!-- enterInPrompBoxTest -->
        <test-method is-config="true" signature="teardown()[pri:0, instance:Handling_Alerts_ConfirmBox_TestCases.Alerts_TestCases@222545dc]" started-at="2022-11-28T10:12:15 IST" name="teardown" finished-at="2022-11-28T10:12:16 IST" duration-ms="612" status="PASS">
          <reporter-output>
          </reporter-output>
        </test-method> <!-- teardown -->
      </class> <!-- Handling_Alerts_ConfirmBox_TestCases.Alerts_TestCases -->
    </test> <!-- Test -->
  </suite> <!-- Suite -->
</testng-results>
